Determining if the pthread_create exist failed with the following output:
Change Dir: /home/neo/kthfsdv-plotting/build/functionplotter/CMakeFiles/CMakeTmp

Run Build Command:"/usr/bin/make" "cmTC_af693/fast"
/usr/bin/make -f CMakeFiles/cmTC_af693.dir/build.make CMakeFiles/cmTC_af693.dir/build
make[1]: Entering directory '/home/neo/kthfsdv-plotting/build/functionplotter/CMakeFiles/CMakeTmp'
Building C object CMakeFiles/cmTC_af693.dir/CheckSymbolExists.c.o
/usr/bin/cc    -o CMakeFiles/cmTC_af693.dir/CheckSymbolExists.c.o   -c /home/neo/kthfsdv-plotting/build/functionplotter/CMakeFiles/CMakeTmp/CheckSymbolExists.c
Linking C executable cmTC_af693
/usr/bin/cmake -E cmake_link_script CMakeFiles/cmTC_af693.dir/link.txt --verbose=1
/usr/bin/cc      -rdynamic CMakeFiles/cmTC_af693.dir/CheckSymbolExists.c.o  -o cmTC_af693 
CMakeFiles/cmTC_af693.dir/CheckSymbolExists.c.o: In function `main':
CheckSymbolExists.c:(.text+0x1b): undefined reference to `pthread_create'
collect2: error: ld returned 1 exit status
CMakeFiles/cmTC_af693.dir/build.make:97: recipe for target 'cmTC_af693' failed
make[1]: *** [cmTC_af693] Error 1
make[1]: Leaving directory '/home/neo/kthfsdv-plotting/build/functionplotter/CMakeFiles/CMakeTmp'
Makefile:126: recipe for target 'cmTC_af693/fast' failed
make: *** [cmTC_af693/fast] Error 2

File /home/neo/kthfsdv-plotting/build/functionplotter/CMakeFiles/CMakeTmp/CheckSymbolExists.c:
/* */
#include <pthread.h>

int main(int argc, char** argv)
{
  (void)argv;
#ifndef pthread_create
  return ((int*)(&pthread_create))[argc];
#else
  (void)argc;
  return 0;
#endif
}

Determining if the function pthread_create exists in the pthreads failed with the following output:
Change Dir: /home/neo/kthfsdv-plotting/build/functionplotter/CMakeFiles/CMakeTmp

Run Build Command:"/usr/bin/make" "cmTC_1199c/fast"
/usr/bin/make -f CMakeFiles/cmTC_1199c.dir/build.make CMakeFiles/cmTC_1199c.dir/build
make[1]: Entering directory '/home/neo/kthfsdv-plotting/build/functionplotter/CMakeFiles/CMakeTmp'
Building C object CMakeFiles/cmTC_1199c.dir/CheckFunctionExists.c.o
/usr/bin/cc   -DCHECK_FUNCTION_EXISTS=pthread_create   -o CMakeFiles/cmTC_1199c.dir/CheckFunctionExists.c.o   -c /usr/share/cmake-3.10/Modules/CheckFunctionExists.c
Linking C executable cmTC_1199c
/usr/bin/cmake -E cmake_link_script CMakeFiles/cmTC_1199c.dir/link.txt --verbose=1
/usr/bin/cc  -DCHECK_FUNCTION_EXISTS=pthread_create    -rdynamic CMakeFiles/cmTC_1199c.dir/CheckFunctionExists.c.o  -o cmTC_1199c -lpthreads 
/usr/bin/ld: cannot find -lpthreads
collect2: error: ld returned 1 exit status
CMakeFiles/cmTC_1199c.dir/build.make:97: recipe for target 'cmTC_1199c' failed
make[1]: *** [cmTC_1199c] Error 1
make[1]: Leaving directory '/home/neo/kthfsdv-plotting/build/functionplotter/CMakeFiles/CMakeTmp'
Makefile:126: recipe for target 'cmTC_1199c/fast' failed
make: *** [cmTC_1199c/fast] Error 2


